<?xml version="1.0" encoding="UTF-8"?>
<!-- Generated by org.testng.reporters.JUnitXMLReporter -->
<testsuite ignored="0" hostname="EkAnk" failures="0" tests="4" name="CheckOutTest" time="76.955" errors="0" timestamp="2024-05-17T10:42:30 IST">
  <testcase classname="tests.CheckOut_tests" name="TC_009" time="28.881"/>
  <testcase classname="tests.CheckOut_tests" name="TC_010" time="24.465"/>
  <testcase classname="tests.CheckOut_tests" name="TC_011" time="4.28"/>
  <testcase classname="tests.CheckOut_tests" name="TC_012" time="6.839"/>
</testsuite> <!-- CheckOutTest -->
