<?xml version="1.0" encoding="UTF-8"?>
<!-- Generated by org.testng.reporters.JUnitXMLReporter -->
<testsuite ignored="0" hostname="EkAnk" failures="0" tests="4" name="CompareProductsTest" time="46.149" errors="0" timestamp="2024-05-17T10:43:16 IST">
  <testcase classname="tests.CompareProducts_tests" name="TC_013" time="13.383"/>
  <testcase classname="tests.CompareProducts_tests" name="TC_014" time="5.838"/>
  <testcase classname="tests.CompareProducts_tests" name="TC_015" time="0.2"/>
  <testcase classname="tests.CompareProducts_tests" name="TC_016" time="12.765"/>
</testsuite> <!-- CompareProductsTest -->
