<?xml version="1.0" encoding="UTF-8"?>
<!-- Generated by org.testng.reporters.JUnitXMLReporter -->
<testsuite ignored="0" hostname="EkAnk" failures="0" tests="3" name="ProductReviewTest" time="39.969" errors="0" timestamp="2024-05-17T10:45:06 IST">
  <testcase classname="tests.ProductReview_tests" name="TC_024" time="6.431"/>
  <testcase classname="tests.ProductReview_tests" name="TC_025" time="10.169"/>
  <testcase classname="tests.ProductReview_tests" name="TC_026" time="9.583"/>
</testsuite> <!-- ProductReviewTest -->
