<?xml version="1.0" encoding="UTF-8"?>
<!-- Generated by org.testng.reporters.JUnitXMLReporter -->
<testsuite ignored="0" hostname="EkAnk" failures="1" tests="2" name="SignInTest" time="52.353" errors="0" timestamp="2024-05-17T11:04:06 IST">
  <testcase classname="tests.SignIn_tests" name="TC_003" time="12.738">
    <failure type="java.lang.AssertionError" message="expected [Welcome, Ekta Thakur!] but found [Welcome, Joe Warren!]">
      <![CDATA[java.lang.AssertionError: expected [Welcome, Ekta Thakur!] but found [Welcome, Joe Warren!]
at tests.SignIn_tests.TC_003(SignIn_tests.java:42)
at java.base/java.util.ArrayList.forEach(ArrayList.java:1511)
... Removed 33 stack frames]]>
    </failure>
  </testcase> <!-- TC_003 -->
  <testcase classname="tests.SignIn_tests" name="TC_004" time="12.118"/>
</testsuite> <!-- SignInTest -->
