<?xml version="1.0" encoding="UTF-8"?>
<!-- Generated by org.testng.reporters.JUnitXMLReporter -->
<testsuite ignored="0" hostname="EkAnk" failures="0" tests="4" name="WishList_HomeTest" time="42.414" errors="0" timestamp="2024-05-17T10:44:26 IST">
  <testcase classname="tests.WishList_tests" name="TC_020" time="9.405"/>
  <testcase classname="tests.WishList_tests" name="TC_021" time="0.128"/>
  <testcase classname="tests.WishList_tests" name="TC_022" time="0.439"/>
  <testcase classname="tests.WishList_tests" name="TC_023" time="20.596"/>
</testsuite> <!-- WishList_HomeTest -->
