<?xml version="1.0" encoding="UTF-8"?>
<!-- Generated by org.testng.reporters.JUnitXMLReporter -->
<testsuite ignored="0" hostname="EkAnk" failures="0" tests="3" name="WomenTabTest" time="27.728" errors="0" timestamp="2024-05-17T10:43:44 IST">
  <testcase classname="tests.WomenTab_tests" name="TC_017" time="2.214"/>
  <testcase classname="tests.WomenTab_tests" name="TC_018" time="2.723"/>
  <testcase classname="tests.WomenTab_tests" name="TC_019" time="8.739"/>
</testsuite> <!-- WomenTabTest -->
